Script handler ready. Waiting for a while to ensure all other mods are done messing with NEI.
Starting NEI Filter scripting. This might take a moment to load all the modules...
Engine: JAVASCRIPT
Setting up Java Library...
Setting up FML Library...
Setting up NEI Library...
Setting up CreativeTab library...
Found creative tab: BiblioCraft
Found creative tab: BiblioCraftLights
Found creative tab: buildcraft.main
Found creative tab: buildcraft.pipes
Found creative tab: buildcraft.boards
Found creative tab: buildcraft.facades
Found creative tab: buildcraft.gates
Found creative tab: CarpentersBlocks
Found creative tab: extraUtil
Found creative tab: forestry
Found creative tab: apiculture
Found creative tab: arboriculture
Found creative tab: lepidopterology
Found creative tab: transportation
Found creative tab: IC2
Found creative tab: Nuclear Control 2
Found creative tab: decorations
Found creative tab: misc
Found creative tab: tools
Found creative tab: Logistics_Pipes
Found creative tab: redstone
Found creative tab: combat
Found creative tab: tabOpenBlocks
Found creative tab: railcraft
Found creative tab: storageDrawers
Found creative tab: storageDrawersForestry
Found creative tab: buildingBlocks
Found creative tab: betterquesting
Found creative tab: buildersguides
Found creative tab: catwalks
Found creative tab: GregTech.Main
Found creative tab: GregTech.Materials
Found creative tab: GregTech.Ores
Found creative tab: food
Found creative tab: brewing
Found creative tab: materials
Setting up ExtraUtilities Library...
Setting up BuildCraft Library...
Loading table of contents for module: custom_nei_filters, 1.0, Author: denoflionsx
Bootstrap setting found. Loading: Bootstrap.js
Loading: vanilla.js
hide called. Params: minecraft, portal
Regex match found! minecraft:portal matches minecraft:portal.
Found ItemStack minecraft:portal. 64xtile.portal@0
hide called. Params: minecraft, end_portal
Regex match found! minecraft:end_portal matches minecraft:end_portal.
Found ItemStack minecraft:end_portal. 64xtile.null@0
hide called. Params: minecraft, fire
Regex match found! minecraft:fire matches minecraft:fire.
Found ItemStack minecraft:fire. 64xtile.fire@0
hide called. Params: minecraft, water
Regex match found! minecraft:water matches minecraft:water.
Found ItemStack minecraft:water. 64xtile.water@0
hide called. Params: minecraft, lava
Regex match found! minecraft:lava matches minecraft:lava.
Found ItemStack minecraft:lava. 64xtile.lava@0
hide called. Params: minecraft, mob_spawner
Regex match found! minecraft:mob_spawner matches minecraft:mob_spawner.
Found ItemStack minecraft:mob_spawner. 64xtile.mobSpawner@0
override called. Params: minecraft, potion, 0
Regex match found! minecraft:potion matches minecraft:potion.
Found ItemStack minecraft:potion. 1xitem.potion@0
override called. Params: minecraft, spawn_egg, 0
Regex match found! minecraft:spawn_egg matches minecraft:spawn_egg.
Found ItemStack minecraft:spawn_egg. 64xitem.monsterPlacer@0
Loading: ThermalExpansion.js
Loading: Mekanism.js
Loading: ForgeMicroblock.js
Loading: ExtraUtilities.js
override called. Params: ExtraUtilities, drum, 0,1
Loading: BuildCraft.js
getFacadesSize called. Returned: 717
obliterate_microblocks called (version in info.inpureprojects.core.NEI.gtfoMicroblocks.ScriptObjects.BCObject). Params: 109
Loading: Bibliocraft.js
override called. Params: BiblioCraft, *, 0
Regex match found! BiblioCraft:* matches BiblioCraft:Armor Stand.
Regex match found! BiblioCraft:* matches BiblioCraft:BiblioBell.
Regex match found! BiblioCraft:* matches BiblioCraft:BiblioBorderlessPainting.
Regex match found! BiblioCraft:* matches BiblioCraft:BiblioCase.
Regex match found! BiblioCraft:* matches BiblioCraft:BiblioClipboard.
Regex match found! BiblioCraft:* matches BiblioCraft:BiblioClock.
Regex match found! BiblioCraft:* matches BiblioCraft:BiblioDesk.
Regex match found! BiblioCraft:* matches BiblioCraft:BiblioFancyPainting.
Regex match found! BiblioCraft:* matches BiblioCraft:BiblioFancySign.
Regex match found! BiblioCraft:* matches BiblioCraft:BiblioFlatPainting.
Regex match found! BiblioCraft:* matches BiblioCraft:BiblioIronLamp.
Regex match found! BiblioCraft:* matches BiblioCraft:BiblioIronLantern.
Regex match found! BiblioCraft:* matches BiblioCraft:BiblioLabel.
Regex match found! BiblioCraft:* matches BiblioCraft:BiblioLamp.
Regex match found! BiblioCraft:* matches BiblioCraft:BiblioLantern.
Regex match found! BiblioCraft:* matches BiblioCraft:BiblioMapFrames.
Regex match found! BiblioCraft:* matches BiblioCraft:BiblioMiddlePainting.
Regex match found! BiblioCraft:* matches BiblioCraft:BiblioPaintPress.
Regex match found! BiblioCraft:* matches BiblioCraft:BiblioPaneler.
Regex match found! BiblioCraft:* matches BiblioCraft:BiblioPotionShelf.
Regex match found! BiblioCraft:* matches BiblioCraft:BiblioRack.
Regex match found! BiblioCraft:* matches BiblioCraft:BiblioSeats.
Regex match found! BiblioCraft:* matches BiblioCraft:BiblioShelf.
Regex match found! BiblioCraft:* matches BiblioCraft:BiblioSimplePainting.
Regex match found! BiblioCraft:* matches BiblioCraft:BiblioStuffs.
Regex match found! BiblioCraft:* matches BiblioCraft:BiblioSwordPedestal.
Regex match found! BiblioCraft:* matches BiblioCraft:BiblioTable.
Regex match found! BiblioCraft:* matches BiblioCraft:BiblioTypewriter.
Regex match found! BiblioCraft:* matches BiblioCraft:BiblioWorkbench.
Regex match found! BiblioCraft:* matches BiblioCraft:Bibliotheca.
Regex match found! BiblioCraft:* matches BiblioCraft:BookcaseFilled.
Regex match found! BiblioCraft:* matches BiblioCraft:Printing Press.
Regex match found! BiblioCraft:* matches BiblioCraft:Typesetting Machine.
Regex match found! BiblioCraft:* matches BiblioCraft:item.AtlasBook.
Regex match found! BiblioCraft:* matches BiblioCraft:item.AtlasPlate.
Regex match found! BiblioCraft:* matches BiblioCraft:item.BiblioChase.
Regex match found! BiblioCraft:* matches BiblioCraft:item.BiblioClipboard.
Regex match found! BiblioCraft:* matches BiblioCraft:item.BiblioCreativeLock.
Regex match found! BiblioCraft:* matches BiblioCraft:item.BiblioDrill.
Regex match found! BiblioCraft:* matches BiblioCraft:item.BiblioGlasses.
Regex match found! BiblioCraft:* matches BiblioCraft:item.BiblioMapTool.
Regex match found! BiblioCraft:* matches BiblioCraft:item.BiblioRedBook.
Regex match found! BiblioCraft:* matches BiblioCraft:item.BiblioWayPointCompass.
Regex match found! BiblioCraft:* matches BiblioCraft:item.BigBook.
Regex match found! BiblioCraft:* matches BiblioCraft:item.DeathCompass.
Regex match found! BiblioCraft:* matches BiblioCraft:item.EnchantedPlate.
Regex match found! BiblioCraft:* matches BiblioCraft:item.FramingBoard.
Regex match found! BiblioCraft:* matches BiblioCraft:item.FramingSaw.
Regex match found! BiblioCraft:* matches BiblioCraft:item.FramingSheet.
Regex match found! BiblioCraft:* matches BiblioCraft:item.HandDrill.
Regex match found! BiblioCraft:* matches BiblioCraft:item.PaintingCanvas.
Regex match found! BiblioCraft:* matches BiblioCraft:item.PlumbLine.
Regex match found! BiblioCraft:* matches BiblioCraft:item.PrintPlate.
Regex match found! BiblioCraft:* matches BiblioCraft:item.RecipeBook.
Regex match found! BiblioCraft:* matches BiblioCraft:item.SlottedBook.
Regex match found! BiblioCraft:* matches BiblioCraft:item.StockroomCatalog.
Regex match found! BiblioCraft:* matches BiblioCraft:item.TesterItem.
Regex match found! BiblioCraft:* matches BiblioCraft:item.seatBack.
Regex match found! BiblioCraft:* matches BiblioCraft:item.seatBack2.
Regex match found! BiblioCraft:* matches BiblioCraft:item.seatBack3.
Regex match found! BiblioCraft:* matches BiblioCraft:item.seatBack4.
Regex match found! BiblioCraft:* matches BiblioCraft:item.seatBack5.
Regex match found! BiblioCraft:* matches BiblioCraft:item.tape.
Regex match found! BiblioCraft:* matches BiblioCraft:item.tapeMeasure.
Regex match found! BiblioCraft:* matches BiblioCraft:tile.BiblioFramedChest.
Found ItemStack BiblioCraft:Armor Stand. 64xtile.BiblioArmorStand@0
Found ItemStack BiblioCraft:BiblioBell. 64xtile.BiblioBell@0
Found ItemStack BiblioCraft:BiblioBorderlessPainting. 64xtile.BiblioBorderlessPainting@0
Found ItemStack BiblioCraft:BiblioCase. 64xtile.BiblioCase@0
Found ItemStack BiblioCraft:BiblioClipboard. 64xtile.BiblioClipboard@0
Found ItemStack BiblioCraft:BiblioClock. 64xtile.BiblioClock@0
Found ItemStack BiblioCraft:BiblioDesk. 64xtile.BiblioDesk@0
Found ItemStack BiblioCraft:BiblioFancyPainting. 64xtile.BiblioFancyPainting@0
Found ItemStack BiblioCraft:BiblioFancySign. 64xtile.BiblioFancySign@0
Found ItemStack BiblioCraft:BiblioFlatPainting. 64xtile.BiblioFlatPainting@0
Found ItemStack BiblioCraft:BiblioIronLamp. 64xtile.BiblioIronLamp@0
Found ItemStack BiblioCraft:BiblioIronLantern. 64xtile.BiblioIronLantern@0
Found ItemStack BiblioCraft:BiblioLabel. 64xtile.BiblioLabel@0
Found ItemStack BiblioCraft:BiblioLamp. 64xtile.BiblioLamp@0
Found ItemStack BiblioCraft:BiblioLantern. 64xtile.BiblioLantern@0
Found ItemStack BiblioCraft:BiblioMapFrames. 64xtile.BiblioMapFrames@0
Found ItemStack BiblioCraft:BiblioMiddlePainting. 64xtile.BiblioMiddlePainting@0
Found ItemStack BiblioCraft:BiblioPaintPress. 64xtile.BiblioPaintPress@0
Found ItemStack BiblioCraft:BiblioPaneler. 64xtile.BiblioPaneler@0
Found ItemStack BiblioCraft:BiblioPotionShelf. 64xtile.BiblioPotionShelf@0
Found ItemStack BiblioCraft:BiblioRack. 64xtile.BiblioRack@0
Found ItemStack BiblioCraft:BiblioSeats. 64xtile.BiblioSeats@0
Found ItemStack BiblioCraft:BiblioShelf. 64xtile.BiblioShelf@0
Found ItemStack BiblioCraft:BiblioSimplePainting. 64xtile.BiblioSimplePainting@0
Found ItemStack BiblioCraft:BiblioStuffs. 64xtile.BiblioStuffs@0
Found ItemStack BiblioCraft:BiblioSwordPedestal. 64xtile.BiblioSwordPedestal@0
Found ItemStack BiblioCraft:BiblioTable. 64xtile.BiblioTable@0
Found ItemStack BiblioCraft:BiblioTypewriter. 64xtile.BiblioTypewriter@0
Found ItemStack BiblioCraft:BiblioWorkbench. 64xtile.BiblioWorkbench@0
Found ItemStack BiblioCraft:Bibliotheca. 64xtile.BiblioBookcase@0
Found ItemStack BiblioCraft:BookcaseFilled. 64xtile.BookcaseFilled@0
Found ItemStack BiblioCraft:Printing Press. 64xtile.BiblioPress@0
Found ItemStack BiblioCraft:Typesetting Machine. 64xtile.BiblioType@0
Found ItemStack BiblioCraft:item.AtlasBook. 1xitem.AtlasBook@0
Found ItemStack BiblioCraft:item.AtlasPlate. 1xitem.AtlasPlate@0
Found ItemStack BiblioCraft:item.BiblioChase. 64xitem.BiblioChase@0
Found ItemStack BiblioCraft:item.BiblioClipboard. 1xitem.BiblioClipboard@0
Found ItemStack BiblioCraft:item.BiblioCreativeLock. 1xitem.BiblioCreativeLock@0
Found ItemStack BiblioCraft:item.BiblioDrill. 1xitem.BiblioDrill@0
Found ItemStack BiblioCraft:item.BiblioGlasses. 1xitem.BiblioGlasses@0
Found ItemStack BiblioCraft:item.BiblioMapTool. 1xitem.BiblioMapTool@0
Found ItemStack BiblioCraft:item.BiblioRedBook. 64xitem.BiblioRedBook@0
Found ItemStack BiblioCraft:item.BiblioWayPointCompass. 1xitem.BiblioWayPointCompass@0
Found ItemStack BiblioCraft:item.BigBook. 1xitem.BigBook@0
Found ItemStack BiblioCraft:item.DeathCompass. 64xitem.DeathCompass@0
Found ItemStack BiblioCraft:item.EnchantedPlate. 1xitem.EnchantedPlate@0
Found ItemStack BiblioCraft:item.FramingBoard. 64xitem.FramingBoard@0
Found ItemStack BiblioCraft:item.FramingSaw. 1xitem.FramingSaw@0
Found ItemStack BiblioCraft:item.FramingSheet. 64xitem.FramingSheet@0
Found ItemStack BiblioCraft:item.HandDrill. 1xitem.HandDrill@0
Found ItemStack BiblioCraft:item.PaintingCanvas. 64xitem.PaintingCanvas@0
Found ItemStack BiblioCraft:item.PlumbLine. 1xitem.PlumbLine@0
Found ItemStack BiblioCraft:item.PrintPlate. 1xitem.PrintPlate@0
Found ItemStack BiblioCraft:item.RecipeBook. 1xitem.RecipeBook@0
Found ItemStack BiblioCraft:item.SlottedBook. 1xitem.SlottedBook@0
Found ItemStack BiblioCraft:item.StockroomCatalog. 1xitem.StockroomCatalog@0
Found ItemStack BiblioCraft:item.TesterItem. 1xitem.TesterItem@0
Found ItemStack BiblioCraft:item.seatBack. 64xitem.seatBack@0
Found ItemStack BiblioCraft:item.seatBack2. 64xitem.seatBack@0
Found ItemStack BiblioCraft:item.seatBack3. 64xitem.seatBack@0
Found ItemStack BiblioCraft:item.seatBack4. 64xitem.seatBack@0
Found ItemStack BiblioCraft:item.seatBack5. 64xitem.seatBack@0
Found ItemStack BiblioCraft:item.tape. 64xitem.tape@0
Found ItemStack BiblioCraft:item.tapeMeasure. 1xitem.tapeMeasure@0
Found ItemStack BiblioCraft:tile.BiblioFramedChest. 64xtile.BiblioFramedChest@0
Loading: AppliedEnergistics2.js
Loading: Tcon.js
Loading: MFR.js
Loading: Usernm_vanilla.js
override called. Params: minecraft, wool, 0
Regex match found! minecraft:wool matches minecraft:wool.
Found ItemStack minecraft:wool. 64xtile.cloth@0
override called. Params: minecraft, stained_glass, 0
Regex match found! minecraft:stained_glass matches minecraft:stained_glass.
Found ItemStack minecraft:stained_glass. 64xtile.stainedGlass@0
override called. Params: minecraft, stained_glass_pane, 0
Regex match found! minecraft:stained_glass_pane matches minecraft:stained_glass_pane.
Found ItemStack minecraft:stained_glass_pane. 64xtile.thinStainedGlass@0
override called. Params: minecraft, stained_hardened_clay, 0
Regex match found! minecraft:stained_hardened_clay matches minecraft:stained_hardened_clay.
Found ItemStack minecraft:stained_hardened_clay. 64xtile.clayHardenedStained@0
override called. Params: minecraft, carpet, 0
Regex match found! minecraft:carpet matches minecraft:carpet.
Found ItemStack minecraft:carpet. 64xtile.woolCarpet@0
hide called. Params: minecraft, monster_egg
Regex match found! minecraft:monster_egg matches minecraft:monster_egg.
Found ItemStack minecraft:monster_egg. 64xtile.monsterStoneEgg@0
hide called. Params: minecraft, wooden_sword
Regex match found! minecraft:wooden_sword matches minecraft:wooden_sword.
Found ItemStack minecraft:wooden_sword. 1xitem.swordWood@0
hide called. Params: minecraft, wooden_shovel
Regex match found! minecraft:wooden_shovel matches minecraft:wooden_shovel.
Found ItemStack minecraft:wooden_shovel. 1xitem.shovelWood@0
hide called. Params: minecraft, wooden_pickaxe
Regex match found! minecraft:wooden_pickaxe matches minecraft:wooden_pickaxe.
Found ItemStack minecraft:wooden_pickaxe. 1xitem.pickaxeWood@0
hide called. Params: minecraft, wooden_axe
Regex match found! minecraft:wooden_axe matches minecraft:wooden_axe.
Found ItemStack minecraft:wooden_axe. 1xitem.hatchetWood@0
hide called. Params: minecraft, wooden_hoe
Regex match found! minecraft:wooden_hoe matches minecraft:wooden_hoe.
Found ItemStack minecraft:wooden_hoe. 1xitem.hoeWood@0
hide called. Params: minecraft, stone_sword
Regex match found! minecraft:stone_sword matches minecraft:stone_sword.
Found ItemStack minecraft:stone_sword. 1xitem.swordStone@0
hide called. Params: minecraft, stone_shovel
Regex match found! minecraft:stone_shovel matches minecraft:stone_shovel.
Found ItemStack minecraft:stone_shovel. 1xitem.shovelStone@0
hide called. Params: minecraft, stone_pickaxe
Regex match found! minecraft:stone_pickaxe matches minecraft:stone_pickaxe.
Found ItemStack minecraft:stone_pickaxe. 1xitem.pickaxeStone@0
hide called. Params: minecraft, stone_axe
Regex match found! minecraft:stone_axe matches minecraft:stone_axe.
Found ItemStack minecraft:stone_axe. 1xitem.hatchetStone@0
hide called. Params: minecraft, stone_hoe
Regex match found! minecraft:stone_hoe matches minecraft:stone_hoe.
Found ItemStack minecraft:stone_hoe. 1xitem.hoeStone@0
hide called. Params: minecraft, iron_sword
Regex match found! minecraft:iron_sword matches minecraft:iron_sword.
Found ItemStack minecraft:iron_sword. 1xitem.swordIron@0
hide called. Params: minecraft, iron_shovel
Regex match found! minecraft:iron_shovel matches minecraft:iron_shovel.
Found ItemStack minecraft:iron_shovel. 1xitem.shovelIron@0
hide called. Params: minecraft, iron_pickaxe
Regex match found! minecraft:iron_pickaxe matches minecraft:iron_pickaxe.
Found ItemStack minecraft:iron_pickaxe. 1xitem.pickaxeIron@0
hide called. Params: minecraft, iron_axe
Regex match found! minecraft:iron_axe matches minecraft:iron_axe.
Found ItemStack minecraft:iron_axe. 1xitem.hatchetIron@0
hide called. Params: minecraft, iron_hoe
Regex match found! minecraft:iron_hoe matches minecraft:iron_hoe.
Found ItemStack minecraft:iron_hoe. 1xitem.hoeIron@0
hide called. Params: minecraft, golden_sword
Regex match found! minecraft:golden_sword matches minecraft:golden_sword.
Found ItemStack minecraft:golden_sword. 1xitem.swordGold@0
hide called. Params: minecraft, golden_shovel
Regex match found! minecraft:golden_shovel matches minecraft:golden_shovel.
Found ItemStack minecraft:golden_shovel. 1xitem.shovelGold@0
hide called. Params: minecraft, golden_pickaxe
Regex match found! minecraft:golden_pickaxe matches minecraft:golden_pickaxe.
Found ItemStack minecraft:golden_pickaxe. 1xitem.pickaxeGold@0
hide called. Params: minecraft, golden_axe
Regex match found! minecraft:golden_axe matches minecraft:golden_axe.
Found ItemStack minecraft:golden_axe. 1xitem.hatchetGold@0
hide called. Params: minecraft, golden_hoe
Regex match found! minecraft:golden_hoe matches minecraft:golden_hoe.
Found ItemStack minecraft:golden_hoe. 1xitem.hoeGold@0
hide called. Params: minecraft, diamond_sword
Regex match found! minecraft:diamond_sword matches minecraft:diamond_sword.
Found ItemStack minecraft:diamond_sword. 1xitem.swordDiamond@0
hide called. Params: minecraft, diamond_shovel
Regex match found! minecraft:diamond_shovel matches minecraft:diamond_shovel.
Found ItemStack minecraft:diamond_shovel. 1xitem.shovelDiamond@0
hide called. Params: minecraft, diamond_pickaxe
Regex match found! minecraft:diamond_pickaxe matches minecraft:diamond_pickaxe.
Found ItemStack minecraft:diamond_pickaxe. 1xitem.pickaxeDiamond@0
hide called. Params: minecraft, diamond_axe
Regex match found! minecraft:diamond_axe matches minecraft:diamond_axe.
Found ItemStack minecraft:diamond_axe. 1xitem.hatchetDiamond@0
hide called. Params: minecraft, diamond_hoe
Regex match found! minecraft:diamond_hoe matches minecraft:diamond_hoe.
Found ItemStack minecraft:diamond_hoe. 1xitem.hoeDiamond@0
Loading: Usernm_BuildCraft.js
override called. Params: BuildCraft|Core, paintbrush, 0
Regex match found! BuildCraft|Core:paintbrush matches BuildCraft|Core:paintbrush.
Found ItemStack BuildCraft|Core:paintbrush. 1xitem.paintbrush@0
override called. Params: BuildCraft|Transport, pipeLens, 15,31,32,33
Regex match found! BuildCraft|Transport:pipeLens matches BuildCraft|Transport:pipeLens.
Found ItemStack BuildCraft|Transport:pipeLens. 64xitem.pipeLens@0
override called. Params: BuildCraft|Core, list, 1
Regex match found! BuildCraft|Core:list matches BuildCraft|Core:list.
Found ItemStack BuildCraft|Core:list. 1xitem.list@0
hide called. Params: BuildCraft|Core, eternalSpring
Regex match found! BuildCraft|Core:eternalSpring matches BuildCraft|Core:eternalSpring.
Found ItemStack BuildCraft|Core:eternalSpring. 64xtile.eternalSpring@0
hide called. Params: BuildCraft|Core, buildToolBlock
Regex match found! BuildCraft|Core:buildToolBlock matches BuildCraft|Core:buildToolBlock.
Found ItemStack BuildCraft|Core:buildToolBlock. 64xtile.buildToolBlock@0
hide called. Params: BuildCraft|Core, engineBlock
Regex match found! BuildCraft|Core:engineBlock matches BuildCraft|Core:engineBlock.
Found ItemStack BuildCraft|Core:engineBlock. 64xtile.engineBlock@0
hide called. Params: BuildCraft|Silicon, package
Regex match found! BuildCraft|Silicon:package matches BuildCraft|Silicon:package.
Found ItemStack BuildCraft|Silicon:package. 1xitem.package@0
hide called. Params: BuildCraft|Transport, pipeBlock
Regex match found! BuildCraft|Transport:pipeBlock matches BuildCraft|Transport:pipeBlock.
Found ItemStack BuildCraft|Transport:pipeBlock. 64xtile.pipeBlock@0
hide called. Params: BuildCraft|Transport, pipeWaterproof
Regex match found! BuildCraft|Transport:pipeWaterproof matches BuildCraft|Transport:pipeWaterproof.
Found ItemStack BuildCraft|Transport:pipeWaterproof. 64xitem.pipeWaterproof@0
hide called. Params: BuildCraft|Energy, blockOil
Regex match found! BuildCraft|Energy:blockOil matches BuildCraft|Energy:blockOil.
Found ItemStack BuildCraft|Energy:blockOil. 64xtile.blockOil@0
hide called. Params: BuildCraft|Energy, blockFuel
Regex match found! BuildCraft|Energy:blockFuel matches BuildCraft|Energy:blockFuel.
Found ItemStack BuildCraft|Energy:blockFuel. 64xtile.blockFuel@0
hide called. Params: BuildCraft|Energy, blockRedPlasma
Regex match found! BuildCraft|Energy:blockRedPlasma matches BuildCraft|Energy:blockRedPlasma.
Found ItemStack BuildCraft|Energy:blockRedPlasma. 64xtile.blockRedPlasma@0
hide called. Params: BuildCraft|Builders, frameBlock
Regex match found! BuildCraft|Builders:frameBlock matches BuildCraft|Builders:frameBlock.
Found ItemStack BuildCraft|Builders:frameBlock. 64xtile.frameBlock@0
hide called. Params: BuildCraft|Factory, plainPipeBlock
Regex match found! BuildCraft|Factory:plainPipeBlock matches BuildCraft|Factory:plainPipeBlock.
Found ItemStack BuildCraft|Factory:plainPipeBlock. 64xtile.plainPipeBlock@0
Loading: Usernm_ic2.js
override called. Params: IC2, itemFluidCell, 0
Regex match found! IC2:itemFluidCell matches IC2:itemFluidCell.
Found ItemStack IC2:itemFluidCell. 64xic2.itemFluidCell@0
hide called. Params: IC2, blockOreCopper
Regex match found! IC2:blockOreCopper matches IC2:blockOreCopper.
Found ItemStack IC2:blockOreCopper. 64xic2.blockOreCopper@0
hide called. Params: IC2, blockOreTin
Regex match found! IC2:blockOreTin matches IC2:blockOreTin.
Found ItemStack IC2:blockOreTin. 64xic2.blockOreTin@0
hide called. Params: IC2, blockOreUran
Regex match found! IC2:blockOreUran matches IC2:blockOreUran.
Found ItemStack IC2:blockOreUran. 64xic2.blockOreUran@0
hide called. Params: IC2, blockOreLead
Regex match found! IC2:blockOreLead matches IC2:blockOreLead.
Found ItemStack IC2:blockOreLead. 64xic2.blockOreLead@0
hide called. Params: IC2, blockHarz
Regex match found! IC2:blockHarz matches IC2:blockHarz.
Found ItemStack IC2:blockHarz. 64xic2.blockHarz@0
hide called. Params: IC2, blockBasalt
Regex match found! IC2:blockBasalt matches IC2:blockBasalt.
Found ItemStack IC2:blockBasalt. 64xic2.blockBasalt@0
hide called. Params: IC2, blockDoorAlloy
Regex match found! IC2:blockDoorAlloy matches IC2:blockDoorAlloy.
Found ItemStack IC2:blockDoorAlloy. 64xtile.blockDoorAlloy@0
hide called. Params: IC2, blockReinforcedFoam
Regex match found! IC2:blockReinforcedFoam matches IC2:blockReinforcedFoam.
Found ItemStack IC2:blockReinforcedFoam. 64xic2.blockReinforcedFoam@0
hide called. Params: IC2, blockFoam
Regex match found! IC2:blockFoam matches IC2:blockFoam.
Found ItemStack IC2:blockFoam. 64xic2.blockFoam@0
hide called. Params: IC2, blockWall
Regex match found! IC2:blockWall matches IC2:blockWall.
Found ItemStack IC2:blockWall. 64xic2.blockWall@0
hide called. Params: IC2, blockMetal
Regex match found! IC2:blockMetal matches IC2:blockMetal.
Found ItemStack IC2:blockMetal. 64xic2.blockMetal@0
hide called. Params: IC2, blockCable
Regex match found! IC2:blockCable matches IC2:blockCable.
Found ItemStack IC2:blockCable. 64xic2.blockCable@0
hide called. Params: IC2, blockKineticGenerator
Regex match found! IC2:blockKineticGenerator matches IC2:blockKineticGenerator.
Found ItemStack IC2:blockKineticGenerator. 64xic2.blockKineticGenerator@0
override called. Params: IC2, blockMachine, 0,1,6,7,8,9,12,15
Regex match found! IC2:blockMachine matches IC2:blockMachine.
Found ItemStack IC2:blockMachine. 64xic2.blockMachine@0
override called. Params: IC2, blockMachine2, 0,1,2,9,11,12,13,14,15
Regex match found! IC2:blockMachine2 matches IC2:blockMachine2.
Found ItemStack IC2:blockMachine2. 64xic2.blockMachine2@0
override called. Params: IC2, blockMachine3, 0,3,4,5,6,7,8
Regex match found! IC2:blockMachine3 matches IC2:blockMachine3.
Found ItemStack IC2:blockMachine3. 64xic2.blockMachine3@0
override called. Params: IC2, itemRecipePart, 0,1,2,3,5,6
Regex match found! IC2:itemRecipePart matches IC2:itemRecipePart.
Found ItemStack IC2:itemRecipePart. 64xic2.itemRecipePart@0
override called. Params: IC2, itemDust2, 2
Regex match found! IC2:itemDust2 matches IC2:itemDust2.
Found ItemStack IC2:itemDust2. 64xic2.itemDust2@0
override called. Params: IC2, itemIngot, 4
Regex match found! IC2:itemIngot matches IC2:itemIngot.
Found ItemStack IC2:itemIngot. 64xic2.itemIngot@0
hide called. Params: IC2, blockLuminator
Regex match found! IC2:blockLuminator matches IC2:blockLuminator.
Found ItemStack IC2:blockLuminator. 64xic2.blockLuminator@0
hide called. Params: IC2, blockMiningTip
Regex match found! IC2:blockMiningTip matches IC2:blockMiningTip.
Found ItemStack IC2:blockMiningTip. 64xic2.blockMiningTip@0
hide called. Params: IC2, blockDynamite
Regex match found! IC2:blockDynamite matches IC2:blockDynamite.
Found ItemStack IC2:blockDynamite. 64xic2.blockDynamite@0
hide called. Params: IC2, blockDynamiteRemote
Regex match found! IC2:blockDynamiteRemote matches IC2:blockDynamiteRemote.
Found ItemStack IC2:blockDynamiteRemote. 64xic2.blockDynamiteRemote@0
hide called. Params: IC2, blockBarrel
Regex match found! IC2:blockBarrel matches IC2:blockBarrel.
Found ItemStack IC2:blockBarrel. 64xic2.blockBarrel@0
hide called. Params: IC2, itemcrystalmemory
Regex match found! IC2:itemcrystalmemory matches IC2:itemcrystalmemory.
Found ItemStack IC2:itemcrystalmemory. 1xic2.itemcrystalmemory@0
hide called. Params: IC2, itemCrushedOre
Regex match found! IC2:itemCrushedOre matches IC2:itemCrushedOre.
Found ItemStack IC2:itemCrushedOre. 64xic2.itemCrushedOre@0
hide called. Params: IC2, itemPurifiedCrushedOre
Regex match found! IC2:itemPurifiedCrushedOre matches IC2:itemPurifiedCrushedOre.
Found ItemStack IC2:itemPurifiedCrushedOre. 64xic2.itemPurifiedCrushedOre@0
hide called. Params: IC2, itemPlates
Regex match found! IC2:itemPlates matches IC2:itemPlates.
Found ItemStack IC2:itemPlates. 64xic2.itemPlates@0
hide called. Params: IC2, itemDensePlates
Regex match found! IC2:itemDensePlates matches IC2:itemDensePlates.
Found ItemStack IC2:itemDensePlates. 64xic2.itemDensePlates@0
hide called. Params: IC2, itemDustSmall
Regex match found! IC2:itemDustSmall matches IC2:itemDustSmall.
Found ItemStack IC2:itemDustSmall. 64xic2.itemDustSmall@0
hide called. Params: IC2, itemDust
Regex match found! IC2:itemDust matches IC2:itemDust.
Found ItemStack IC2:itemDust. 64xic2.itemDust@0
hide called. Params: IC2, itemTurningBlanks
Regex match found! IC2:itemTurningBlanks matches IC2:itemTurningBlanks.
Found ItemStack IC2:itemTurningBlanks. 1xic2.itemTurningBlanks@0
hide called. Params: IC2, itemTurningBlanksWood
Regex match found! IC2:itemTurningBlanksWood matches IC2:itemTurningBlanksWood.
Found ItemStack IC2:itemTurningBlanksWood. 1xic2.itemTurningBlanksWood@0
hide called. Params: IC2, itemToolBronzePickaxe
Regex match found! IC2:itemToolBronzePickaxe matches IC2:itemToolBronzePickaxe.
Found ItemStack IC2:itemToolBronzePickaxe. 1xic2.itemToolBronzePickaxe@0
hide called. Params: IC2, itemToolBronzeAxe
Regex match found! IC2:itemToolBronzeAxe matches IC2:itemToolBronzeAxe.
Found ItemStack IC2:itemToolBronzeAxe. 1xic2.itemToolBronzeAxe@0
hide called. Params: IC2, itemToolBronzeSword
Regex match found! IC2:itemToolBronzeSword matches IC2:itemToolBronzeSword.
Found ItemStack IC2:itemToolBronzeSword. 1xic2.itemToolBronzeSword@0
hide called. Params: IC2, itemToolBronzeSpade
Regex match found! IC2:itemToolBronzeSpade matches IC2:itemToolBronzeSpade.
Found ItemStack IC2:itemToolBronzeSpade. 1xic2.itemToolBronzeSpade@0
hide called. Params: IC2, itemToolBronzeHoe
Regex match found! IC2:itemToolBronzeHoe matches IC2:itemToolBronzeHoe.
Found ItemStack IC2:itemToolBronzeHoe. 1xic2.itemToolBronzeHoe@0
hide called. Params: IC2, itemIronBlockCuttingBlade
Regex match found! IC2:itemIronBlockCuttingBlade matches IC2:itemIronBlockCuttingBlade.
Found ItemStack IC2:itemIronBlockCuttingBlade. 64xic2.itemIronBlockCuttingBlade@0
hide called. Params: IC2, itemAdvIronBlockCuttingBlade
Regex match found! IC2:itemAdvIronBlockCuttingBlade matches IC2:itemAdvIronBlockCuttingBlade.
Found ItemStack IC2:itemAdvIronBlockCuttingBlade. 64xic2.itemAdvIronBlockCuttingBlade@0
hide called. Params: IC2, itemDiamondBlockCuttingBlade
Regex match found! IC2:itemDiamondBlockCuttingBlade matches IC2:itemDiamondBlockCuttingBlade.
Found ItemStack IC2:itemDiamondBlockCuttingBlade. 64xic2.itemDiamondBlockCuttingBlade@0
hide called. Params: IC2, itemwoodrotor
Regex match found! IC2:itemwoodrotor matches IC2:itemwoodrotor.
Found ItemStack IC2:itemwoodrotor. 1xic2.itemwoodrotor@0
hide called. Params: IC2, itemironrotor
Regex match found! IC2:itemironrotor matches IC2:itemironrotor.
Found ItemStack IC2:itemironrotor. 1xic2.itemironrotor@0
hide called. Params: IC2, itemsteelrotor
Regex match found! IC2:itemsteelrotor matches IC2:itemsteelrotor.
Found ItemStack IC2:itemsteelrotor. 1xic2.itemsteelrotor@0
hide called. Params: IC2, itemwcarbonrotor
Regex match found! IC2:itemwcarbonrotor matches IC2:itemwcarbonrotor.
Found ItemStack IC2:itemwcarbonrotor. 1xic2.itemwcarbonrotor@0
hide called. Params: IC2, itemSteamTurbineBlade
Regex match found! IC2:itemSteamTurbineBlade matches IC2:itemSteamTurbineBlade.
Found ItemStack IC2:itemSteamTurbineBlade. 64xic2.itemSteamTurbineBlade@0
hide called. Params: IC2, itemSteamTurbineBlade
Regex match found! IC2:itemSteamTurbineBlade matches IC2:itemSteamTurbineBlade.
Found ItemStack IC2:itemSteamTurbineBlade. 64xic2.itemSteamTurbineBlade@0
hide called. Params: IC2, itemToolPainterBlack
Regex match found! IC2:itemToolPainterBlack matches IC2:itemToolPainterBlack.
Found ItemStack IC2:itemToolPainterBlack. 1xic2.itemToolPainterBlack@0
hide called. Params: IC2, itemToolPainterRed
Regex match found! IC2:itemToolPainterRed matches IC2:itemToolPainterRed.
Found ItemStack IC2:itemToolPainterRed. 1xic2.itemToolPainterRed@0
hide called. Params: IC2, itemToolPainterGreen
Regex match found! IC2:itemToolPainterGreen matches IC2:itemToolPainterGreen.
Found ItemStack IC2:itemToolPainterGreen. 1xic2.itemToolPainterGreen@0
hide called. Params: IC2, itemToolPainterBrown
Regex match found! IC2:itemToolPainterBrown matches IC2:itemToolPainterBrown.
Found ItemStack IC2:itemToolPainterBrown. 1xic2.itemToolPainterBrown@0
hide called. Params: IC2, itemToolPainterBlue
Regex match found! IC2:itemToolPainterBlue matches IC2:itemToolPainterBlue.
Found ItemStack IC2:itemToolPainterBlue. 1xic2.itemToolPainterBlue@0
hide called. Params: IC2, itemToolPainterPurple
Regex match found! IC2:itemToolPainterPurple matches IC2:itemToolPainterPurple.
Found ItemStack IC2:itemToolPainterPurple. 1xic2.itemToolPainterPurple@0
hide called. Params: IC2, itemToolPainterCyan
Regex match found! IC2:itemToolPainterCyan matches IC2:itemToolPainterCyan.
Found ItemStack IC2:itemToolPainterCyan. 1xic2.itemToolPainterCyan@0
hide called. Params: IC2, itemToolPainterLightGrey
Regex match found! IC2:itemToolPainterLightGrey matches IC2:itemToolPainterLightGrey.
Found ItemStack IC2:itemToolPainterLightGrey. 1xic2.itemToolPainterLightGrey@0
hide called. Params: IC2, itemToolPainterDarkGrey
Regex match found! IC2:itemToolPainterDarkGrey matches IC2:itemToolPainterDarkGrey.
Found ItemStack IC2:itemToolPainterDarkGrey. 1xic2.itemToolPainterDarkGrey@0
hide called. Params: IC2, itemToolPainterPink
Regex match found! IC2:itemToolPainterPink matches IC2:itemToolPainterPink.
Found ItemStack IC2:itemToolPainterPink. 1xic2.itemToolPainterPink@0
hide called. Params: IC2, itemToolPainterLime
Regex match found! IC2:itemToolPainterLime matches IC2:itemToolPainterLime.
Found ItemStack IC2:itemToolPainterLime. 1xic2.itemToolPainterLime@0
hide called. Params: IC2, itemToolPainterYellow
Regex match found! IC2:itemToolPainterYellow matches IC2:itemToolPainterYellow.
Found ItemStack IC2:itemToolPainterYellow. 1xic2.itemToolPainterYellow@0
hide called. Params: IC2, itemToolPainterCloud
Regex match found! IC2:itemToolPainterCloud matches IC2:itemToolPainterCloud.
Found ItemStack IC2:itemToolPainterCloud. 1xic2.itemToolPainterCloud@0
hide called. Params: IC2, itemToolPainterMagenta
Regex match found! IC2:itemToolPainterMagenta matches IC2:itemToolPainterMagenta.
Found ItemStack IC2:itemToolPainterMagenta. 1xic2.itemToolPainterMagenta@0
hide called. Params: IC2, itemToolPainterOrange
Regex match found! IC2:itemToolPainterOrange matches IC2:itemToolPainterOrange.
Found ItemStack IC2:itemToolPainterOrange. 1xic2.itemToolPainterOrange@0
Loading: Usernm_StorageDrawers.js
override called. Params: StorageDrawers, fullDrawers1, 0
Regex match found! StorageDrawers:fullDrawers1 matches StorageDrawers:fullDrawers1.
Found ItemStack StorageDrawers:fullDrawers1. 64xtile.fullDrawers1@0
override called. Params: StorageDrawers, fullDrawers2, 0
Regex match found! StorageDrawers:fullDrawers2 matches StorageDrawers:fullDrawers2.
Found ItemStack StorageDrawers:fullDrawers2. 64xtile.fullDrawers2@0
override called. Params: StorageDrawers, fullDrawers4, 0
Regex match found! StorageDrawers:fullDrawers4 matches StorageDrawers:fullDrawers4.
Found ItemStack StorageDrawers:fullDrawers4. 64xtile.fullDrawers4@0
override called. Params: StorageDrawers, halfDrawers2, 0
Regex match found! StorageDrawers:halfDrawers2 matches StorageDrawers:halfDrawers2.
Found ItemStack StorageDrawers:halfDrawers2. 64xtile.halfDrawers2@0
override called. Params: StorageDrawers, halfDrawers4, 0
Regex match found! StorageDrawers:halfDrawers4 matches StorageDrawers:halfDrawers4.
Found ItemStack StorageDrawers:halfDrawers4. 64xtile.halfDrawers4@0
override called. Params: StorageDrawers, trim, 0
Regex match found! StorageDrawers:trim matches StorageDrawers:trim.
Found ItemStack StorageDrawers:trim. 64xtile.trim@0
hide called. Params: StorageDrawersForestry, fullDrawers1A
Regex match found! StorageDrawersForestry:fullDrawers1A matches StorageDrawersForestry:fullDrawers1A.
Found ItemStack StorageDrawersForestry:fullDrawers1A. 64xtile.storagedrawersforestry.fullDrawers1@0
hide called. Params: StorageDrawersForestry, fullDrawers1B
Regex match found! StorageDrawersForestry:fullDrawers1B matches StorageDrawersForestry:fullDrawers1B.
Found ItemStack StorageDrawersForestry:fullDrawers1B. 64xtile.storagedrawersforestry.fullDrawers1@0
hide called. Params: StorageDrawersForestry, fullDrawers2A
Regex match found! StorageDrawersForestry:fullDrawers2A matches StorageDrawersForestry:fullDrawers2A.
Found ItemStack StorageDrawersForestry:fullDrawers2A. 64xtile.storagedrawersforestry.fullDrawers2@0
hide called. Params: StorageDrawersForestry, fullDrawers2B
Regex match found! StorageDrawersForestry:fullDrawers2B matches StorageDrawersForestry:fullDrawers2B.
Found ItemStack StorageDrawersForestry:fullDrawers2B. 64xtile.storagedrawersforestry.fullDrawers2@0
hide called. Params: StorageDrawersForestry, fullDrawers4A
Regex match found! StorageDrawersForestry:fullDrawers4A matches StorageDrawersForestry:fullDrawers4A.
Found ItemStack StorageDrawersForestry:fullDrawers4A. 64xtile.storagedrawersforestry.fullDrawers4@0
hide called. Params: StorageDrawersForestry, fullDrawers4B
Regex match found! StorageDrawersForestry:fullDrawers4B matches StorageDrawersForestry:fullDrawers4B.
Found ItemStack StorageDrawersForestry:fullDrawers4B. 64xtile.storagedrawersforestry.fullDrawers4@0
hide called. Params: StorageDrawersForestry, halfDrawers2A
Regex match found! StorageDrawersForestry:halfDrawers2A matches StorageDrawersForestry:halfDrawers2A.
Found ItemStack StorageDrawersForestry:halfDrawers2A. 64xtile.storagedrawersforestry.halfDrawers2@0
hide called. Params: StorageDrawersForestry, halfDrawers2B
Regex match found! StorageDrawersForestry:halfDrawers2B matches StorageDrawersForestry:halfDrawers2B.
Found ItemStack StorageDrawersForestry:halfDrawers2B. 64xtile.storagedrawersforestry.halfDrawers2@0
hide called. Params: StorageDrawersForestry, halfDrawers4A
Regex match found! StorageDrawersForestry:halfDrawers4A matches StorageDrawersForestry:halfDrawers4A.
Found ItemStack StorageDrawersForestry:halfDrawers4A. 64xtile.storagedrawersforestry.halfDrawers4@0
hide called. Params: StorageDrawersForestry, halfDrawers4B
Regex match found! StorageDrawersForestry:halfDrawers4B matches StorageDrawersForestry:halfDrawers4B.
Found ItemStack StorageDrawersForestry:halfDrawers4B. 64xtile.storagedrawersforestry.halfDrawers4@0
hide called. Params: StorageDrawersForestry, trimA
Regex match found! StorageDrawersForestry:trimA matches StorageDrawersForestry:trimA.
Found ItemStack StorageDrawersForestry:trimA. 64xtile.storagedrawersforestry.trim@0
hide called. Params: StorageDrawersForestry, trimB
Regex match found! StorageDrawersForestry:trimB matches StorageDrawersForestry:trimB.
Found ItemStack StorageDrawersForestry:trimB. 64xtile.storagedrawersforestry.trim@0
